[0.302s] DEBUG:colcon:Command line arguments: ['/usr/bin/colcon', 'list', '-p', '--base-paths', '/home/fausto/realsense_prova']
[0.302s] DEBUG:colcon:Parsed command line arguments: Namespace(log_base=None, log_level=None, verb_name='list', build_base='build', ignore_user_meta=False, metas=['./colcon.meta'], base_paths=['/home/fausto/realsense_prova'], packages_ignore=None, packages_ignore_regex=None, paths=None, packages_up_to=None, packages_up_to_regex=None, packages_above=None, packages_above_and_dependencies=None, packages_above_depth=None, packages_select_by_dep=None, packages_skip_by_dep=None, packages_skip_up_to=None, packages_select_build_failed=False, packages_skip_build_finished=False, packages_select_test_failures=False, packages_skip_test_passed=False, packages_select=None, packages_skip=None, packages_select_regex=None, packages_skip_regex=None, packages_start=None, packages_end=None, allow_overriding=[], topological_order=False, names_only=False, paths_only=True, topological_graph=False, topological_graph_dot=False, topological_graph_density=False, topological_graph_legend=False, topological_graph_dot_cluster=False, topological_graph_dot_include_skipped=False, verb_parser=<colcon_defaults.argument_parser.defaults.DefaultArgumentsDecorator object at 0x7f69469f75b0>, verb_extension=<colcon_package_information.verb.list.ListVerb object at 0x7f6946919930>, main=<bound method ListVerb.main of <colcon_package_information.verb.list.ListVerb object at 0x7f6946919930>>)
[0.337s] Level 1:colcon.colcon_core.package_discovery:discover_packages(colcon_meta) check parameters
[0.337s] Level 1:colcon.colcon_core.package_discovery:discover_packages(recursive) check parameters
[0.337s] Level 1:colcon.colcon_core.package_discovery:discover_packages(ignore) check parameters
[0.337s] Level 1:colcon.colcon_core.package_discovery:discover_packages(path) check parameters
[0.337s] Level 1:colcon.colcon_core.package_discovery:discover_packages(recursive) discover
[0.337s] INFO:colcon.colcon_core.package_discovery:Crawling recursively for packages in '/home/fausto/realsense_prova'
[0.337s] Level 1:colcon.colcon_core.package_identification:_identify(/home/fausto/realsense_prova) by extensions ['ignore', 'ignore_ament_install']
[0.337s] Level 1:colcon.colcon_core.package_identification:_identify(/home/fausto/realsense_prova) by extension 'ignore'
[0.337s] Level 1:colcon.colcon_core.package_identification:_identify(/home/fausto/realsense_prova) by extension 'ignore_ament_install'
[0.337s] Level 1:colcon.colcon_core.package_identification:_identify(/home/fausto/realsense_prova) by extensions ['colcon_pkg']
[0.338s] Level 1:colcon.colcon_core.package_identification:_identify(/home/fausto/realsense_prova) by extension 'colcon_pkg'
[0.338s] Level 1:colcon.colcon_core.package_identification:_identify(/home/fausto/realsense_prova) by extensions ['colcon_meta']
[0.338s] Level 1:colcon.colcon_core.package_identification:_identify(/home/fausto/realsense_prova) by extension 'colcon_meta'
[0.338s] Level 1:colcon.colcon_core.package_identification:_identify(/home/fausto/realsense_prova) by extensions ['ros']
[0.338s] Level 1:colcon.colcon_core.package_identification:_identify(/home/fausto/realsense_prova) by extension 'ros'
[0.352s] Level 1:colcon.colcon_core.package_identification:_identify(/home/fausto/realsense_prova) by extensions ['cmake', 'python']
[0.353s] Level 1:colcon.colcon_core.package_identification:_identify(/home/fausto/realsense_prova) by extension 'cmake'
[0.353s] Level 1:colcon.colcon_core.package_identification:_identify(/home/fausto/realsense_prova) by extension 'python'
[0.353s] Level 1:colcon.colcon_core.package_identification:_identify(/home/fausto/realsense_prova) by extensions ['python_setup_py']
[0.353s] Level 1:colcon.colcon_core.package_identification:_identify(/home/fausto/realsense_prova) by extension 'python_setup_py'
[0.353s] Level 1:colcon.colcon_core.package_identification:_identify(/home/fausto/realsense_prova/log) by extensions ['ignore', 'ignore_ament_install']
[0.353s] Level 1:colcon.colcon_core.package_identification:_identify(/home/fausto/realsense_prova/log) by extension 'ignore'
[0.353s] Level 1:colcon.colcon_core.package_identification:_identify(/home/fausto/realsense_prova/log) ignored
[0.353s] Level 1:colcon.colcon_core.package_identification:_identify(/home/fausto/realsense_prova/src) by extensions ['ignore', 'ignore_ament_install']
[0.353s] Level 1:colcon.colcon_core.package_identification:_identify(/home/fausto/realsense_prova/src) by extension 'ignore'
[0.353s] Level 1:colcon.colcon_core.package_identification:_identify(/home/fausto/realsense_prova/src) by extension 'ignore_ament_install'
[0.354s] Level 1:colcon.colcon_core.package_identification:_identify(/home/fausto/realsense_prova/src) by extensions ['colcon_pkg']
[0.354s] Level 1:colcon.colcon_core.package_identification:_identify(/home/fausto/realsense_prova/src) by extension 'colcon_pkg'
[0.354s] Level 1:colcon.colcon_core.package_identification:_identify(/home/fausto/realsense_prova/src) by extensions ['colcon_meta']
[0.354s] Level 1:colcon.colcon_core.package_identification:_identify(/home/fausto/realsense_prova/src) by extension 'colcon_meta'
[0.354s] Level 1:colcon.colcon_core.package_identification:_identify(/home/fausto/realsense_prova/src) by extensions ['ros']
[0.354s] Level 1:colcon.colcon_core.package_identification:_identify(/home/fausto/realsense_prova/src) by extension 'ros'
[0.354s] Level 1:colcon.colcon_core.package_identification:_identify(/home/fausto/realsense_prova/src) by extensions ['cmake', 'python']
[0.354s] Level 1:colcon.colcon_core.package_identification:_identify(/home/fausto/realsense_prova/src) by extension 'cmake'
[0.354s] Level 1:colcon.colcon_core.package_identification:_identify(/home/fausto/realsense_prova/src) by extension 'python'
[0.354s] Level 1:colcon.colcon_core.package_identification:_identify(/home/fausto/realsense_prova/src) by extensions ['python_setup_py']
[0.354s] Level 1:colcon.colcon_core.package_identification:_identify(/home/fausto/realsense_prova/src) by extension 'python_setup_py'
[0.354s] Level 1:colcon.colcon_core.package_identification:_identify(/home/fausto/realsense_prova/src/prova_real) by extensions ['ignore', 'ignore_ament_install']
[0.354s] Level 1:colcon.colcon_core.package_identification:_identify(/home/fausto/realsense_prova/src/prova_real) by extension 'ignore'
[0.354s] Level 1:colcon.colcon_core.package_identification:_identify(/home/fausto/realsense_prova/src/prova_real) by extension 'ignore_ament_install'
[0.355s] Level 1:colcon.colcon_core.package_identification:_identify(/home/fausto/realsense_prova/src/prova_real) by extensions ['colcon_pkg']
[0.355s] Level 1:colcon.colcon_core.package_identification:_identify(/home/fausto/realsense_prova/src/prova_real) by extension 'colcon_pkg'
[0.355s] Level 1:colcon.colcon_core.package_identification:_identify(/home/fausto/realsense_prova/src/prova_real) by extensions ['colcon_meta']
[0.355s] Level 1:colcon.colcon_core.package_identification:_identify(/home/fausto/realsense_prova/src/prova_real) by extension 'colcon_meta'
[0.355s] Level 1:colcon.colcon_core.package_identification:_identify(/home/fausto/realsense_prova/src/prova_real) by extensions ['ros']
[0.355s] Level 1:colcon.colcon_core.package_identification:_identify(/home/fausto/realsense_prova/src/prova_real) by extension 'ros'
[0.358s] DEBUG:colcon.colcon_core.package_identification:Package '/home/fausto/realsense_prova/src/prova_real' with type 'ros.ament_python' and name 'prova_real'
[0.358s] Level 1:colcon.colcon_core.package_discovery:discover_packages(recursive) using defaults
