[0.975s] DEBUG:colcon:Command line arguments: ['/usr/bin/colcon', 'build', '--symlink-install']
[0.976s] DEBUG:colcon:Parsed command line arguments: Namespace(log_base=None, log_level=None, verb_name='build', build_base='build', install_base='install', merge_install=False, symlink_install=True, test_result_base=None, continue_on_error=False, executor='parallel', parallel_workers=12, event_handlers=None, ignore_user_meta=False, metas=['./colcon.meta'], base_paths=['.'], packages_ignore=None, packages_ignore_regex=None, paths=None, packages_up_to=None, packages_up_to_regex=None, packages_above=None, packages_above_and_dependencies=None, packages_above_depth=None, packages_select_by_dep=None, packages_skip_by_dep=None, packages_skip_up_to=None, packages_select_build_failed=False, packages_skip_build_finished=False, packages_select_test_failures=False, packages_skip_test_passed=False, packages_select=None, packages_skip=None, packages_select_regex=None, packages_skip_regex=None, packages_start=None, packages_end=None, allow_overriding=[], cmake_args=None, cmake_target=None, cmake_target_skip_unavailable=False, cmake_clean_cache=False, cmake_clean_first=False, cmake_force_configure=False, ament_cmake_args=None, catkin_cmake_args=None, catkin_skip_building_tests=False, verb_parser=<colcon_defaults.argument_parser.defaults.DefaultArgumentsDecorator object at 0x7ff9112ebe20>, verb_extension=<colcon_core.verb.build.BuildVerb object at 0x7ff91134fd90>, main=<bound method BuildVerb.main of <colcon_core.verb.build.BuildVerb object at 0x7ff91134fd90>>)
[1.094s] Level 1:colcon.colcon_core.package_discovery:discover_packages(colcon_meta) check parameters
[1.094s] Level 1:colcon.colcon_core.package_discovery:discover_packages(recursive) check parameters
[1.094s] Level 1:colcon.colcon_core.package_discovery:discover_packages(ignore) check parameters
[1.094s] Level 1:colcon.colcon_core.package_discovery:discover_packages(path) check parameters
[1.094s] Level 1:colcon.colcon_core.package_discovery:discover_packages(colcon_meta) discover
[1.095s] Level 1:colcon.colcon_core.package_discovery:discover_packages(recursive) discover
[1.095s] INFO:colcon.colcon_core.package_discovery:Crawling recursively for packages in '/home/fausto/realsense_prova'
[1.095s] Level 1:colcon.colcon_core.package_identification:_identify(.) by extensions ['ignore', 'ignore_ament_install']
[1.096s] Level 1:colcon.colcon_core.package_identification:_identify(.) by extension 'ignore'
[1.096s] Level 1:colcon.colcon_core.package_identification:_identify(.) by extension 'ignore_ament_install'
[1.096s] Level 1:colcon.colcon_core.package_identification:_identify(.) by extensions ['colcon_pkg']
[1.096s] Level 1:colcon.colcon_core.package_identification:_identify(.) by extension 'colcon_pkg'
[1.096s] Level 1:colcon.colcon_core.package_identification:_identify(.) by extensions ['colcon_meta']
[1.097s] Level 1:colcon.colcon_core.package_identification:_identify(.) by extension 'colcon_meta'
[1.097s] Level 1:colcon.colcon_core.package_identification:_identify(.) by extensions ['ros']
[1.097s] Level 1:colcon.colcon_core.package_identification:_identify(.) by extension 'ros'
[1.164s] Level 1:colcon.colcon_core.package_identification:_identify(.) by extensions ['cmake', 'python']
[1.165s] Level 1:colcon.colcon_core.package_identification:_identify(.) by extension 'cmake'
[1.165s] Level 1:colcon.colcon_core.package_identification:_identify(.) by extension 'python'
[1.165s] Level 1:colcon.colcon_core.package_identification:_identify(.) by extensions ['python_setup_py']
[1.165s] Level 1:colcon.colcon_core.package_identification:_identify(.) by extension 'python_setup_py'
[1.166s] Level 1:colcon.colcon_core.package_identification:_identify(build) by extensions ['ignore', 'ignore_ament_install']
[1.166s] Level 1:colcon.colcon_core.package_identification:_identify(build) by extension 'ignore'
[1.166s] Level 1:colcon.colcon_core.package_identification:_identify(build) ignored
[1.167s] Level 1:colcon.colcon_core.package_identification:_identify(install) by extensions ['ignore', 'ignore_ament_install']
[1.167s] Level 1:colcon.colcon_core.package_identification:_identify(install) by extension 'ignore'
[1.167s] Level 1:colcon.colcon_core.package_identification:_identify(install) ignored
[1.168s] Level 1:colcon.colcon_core.package_identification:_identify(log) by extensions ['ignore', 'ignore_ament_install']
[1.168s] Level 1:colcon.colcon_core.package_identification:_identify(log) by extension 'ignore'
[1.168s] Level 1:colcon.colcon_core.package_identification:_identify(log) ignored
[1.168s] Level 1:colcon.colcon_core.package_identification:_identify(src) by extensions ['ignore', 'ignore_ament_install']
[1.169s] Level 1:colcon.colcon_core.package_identification:_identify(src) by extension 'ignore'
[1.169s] Level 1:colcon.colcon_core.package_identification:_identify(src) by extension 'ignore_ament_install'
[1.169s] Level 1:colcon.colcon_core.package_identification:_identify(src) by extensions ['colcon_pkg']
[1.169s] Level 1:colcon.colcon_core.package_identification:_identify(src) by extension 'colcon_pkg'
[1.170s] Level 1:colcon.colcon_core.package_identification:_identify(src) by extensions ['colcon_meta']
[1.170s] Level 1:colcon.colcon_core.package_identification:_identify(src) by extension 'colcon_meta'
[1.170s] Level 1:colcon.colcon_core.package_identification:_identify(src) by extensions ['ros']
[1.170s] Level 1:colcon.colcon_core.package_identification:_identify(src) by extension 'ros'
[1.170s] Level 1:colcon.colcon_core.package_identification:_identify(src) by extensions ['cmake', 'python']
[1.171s] Level 1:colcon.colcon_core.package_identification:_identify(src) by extension 'cmake'
[1.171s] Level 1:colcon.colcon_core.package_identification:_identify(src) by extension 'python'
[1.171s] Level 1:colcon.colcon_core.package_identification:_identify(src) by extensions ['python_setup_py']
[1.171s] Level 1:colcon.colcon_core.package_identification:_identify(src) by extension 'python_setup_py'
[1.171s] Level 1:colcon.colcon_core.package_identification:_identify(src/prova_real) by extensions ['ignore', 'ignore_ament_install']
[1.172s] Level 1:colcon.colcon_core.package_identification:_identify(src/prova_real) by extension 'ignore'
[1.172s] Level 1:colcon.colcon_core.package_identification:_identify(src/prova_real) by extension 'ignore_ament_install'
[1.172s] Level 1:colcon.colcon_core.package_identification:_identify(src/prova_real) by extensions ['colcon_pkg']
[1.172s] Level 1:colcon.colcon_core.package_identification:_identify(src/prova_real) by extension 'colcon_pkg'
[1.173s] Level 1:colcon.colcon_core.package_identification:_identify(src/prova_real) by extensions ['colcon_meta']
[1.173s] Level 1:colcon.colcon_core.package_identification:_identify(src/prova_real) by extension 'colcon_meta'
[1.173s] Level 1:colcon.colcon_core.package_identification:_identify(src/prova_real) by extensions ['ros']
[1.173s] Level 1:colcon.colcon_core.package_identification:_identify(src/prova_real) by extension 'ros'
[1.185s] DEBUG:colcon.colcon_core.package_identification:Package 'src/prova_real' with type 'ros.ament_python' and name 'prova_real'
[1.185s] Level 1:colcon.colcon_core.package_discovery:discover_packages(recursive) using defaults
[1.185s] Level 1:colcon.colcon_core.package_discovery:discover_packages(ignore) discover
[1.185s] Level 1:colcon.colcon_core.package_discovery:discover_packages(ignore) using defaults
[1.185s] Level 1:colcon.colcon_core.package_discovery:discover_packages(path) discover
[1.185s] Level 1:colcon.colcon_core.package_discovery:discover_packages(path) using defaults
[1.302s] Level 1:colcon.colcon_core.package_discovery:discover_packages(prefix_path) check parameters
[1.302s] Level 1:colcon.colcon_core.package_discovery:discover_packages(prefix_path) discover
[1.331s] DEBUG:colcon.colcon_installed_package_information.package_discovery:Found 3 installed packages in /home/fausto/guide_ws/install
[1.338s] DEBUG:colcon.colcon_installed_package_information.package_discovery:Found 275 installed packages in /opt/ros/humble
[1.344s] Level 1:colcon.colcon_core.package_discovery:discover_packages(prefix_path) using defaults
[1.662s] Level 5:colcon.colcon_core.verb:set package 'prova_real' build argument 'cmake_args' from command line to 'None'
[1.662s] Level 5:colcon.colcon_core.verb:set package 'prova_real' build argument 'cmake_target' from command line to 'None'
[1.662s] Level 5:colcon.colcon_core.verb:set package 'prova_real' build argument 'cmake_target_skip_unavailable' from command line to 'False'
[1.663s] Level 5:colcon.colcon_core.verb:set package 'prova_real' build argument 'cmake_clean_cache' from command line to 'False'
[1.663s] Level 5:colcon.colcon_core.verb:set package 'prova_real' build argument 'cmake_clean_first' from command line to 'False'
[1.663s] Level 5:colcon.colcon_core.verb:set package 'prova_real' build argument 'cmake_force_configure' from command line to 'False'
[1.663s] Level 5:colcon.colcon_core.verb:set package 'prova_real' build argument 'ament_cmake_args' from command line to 'None'
[1.663s] Level 5:colcon.colcon_core.verb:set package 'prova_real' build argument 'catkin_cmake_args' from command line to 'None'
[1.663s] Level 5:colcon.colcon_core.verb:set package 'prova_real' build argument 'catkin_skip_building_tests' from command line to 'False'
[1.663s] DEBUG:colcon.colcon_core.verb:Building package 'prova_real' with the following arguments: {'ament_cmake_args': None, 'build_base': '/home/fausto/realsense_prova/build/prova_real', 'catkin_cmake_args': None, 'catkin_skip_building_tests': False, 'cmake_args': None, 'cmake_clean_cache': False, 'cmake_clean_first': False, 'cmake_force_configure': False, 'cmake_target': None, 'cmake_target_skip_unavailable': False, 'install_base': '/home/fausto/realsense_prova/install/prova_real', 'merge_install': False, 'path': '/home/fausto/realsense_prova/src/prova_real', 'symlink_install': True, 'test_result_base': None}
[1.666s] INFO:colcon.colcon_core.executor:Executing jobs using 'parallel' executor
[1.679s] DEBUG:colcon.colcon_parallel_executor.executor.parallel:run_until_complete
[1.679s] INFO:colcon.colcon_ros.task.ament_python.build:Building ROS package in '/home/fausto/realsense_prova/src/prova_real' with build type 'ament_python'
[1.680s] Level 1:colcon.colcon_core.shell:create_environment_hook('prova_real', 'ament_prefix_path')
[1.699s] INFO:colcon.colcon_core.plugin_system:Skipping extension 'colcon_core.shell.bat': Not used on non-Windows systems
[1.700s] INFO:colcon.colcon_core.shell:Creating environment hook '/home/fausto/realsense_prova/install/prova_real/share/prova_real/hook/ament_prefix_path.ps1'
[1.723s] INFO:colcon.colcon_core.shell:Creating environment descriptor '/home/fausto/realsense_prova/install/prova_real/share/prova_real/hook/ament_prefix_path.dsv'
[1.741s] INFO:colcon.colcon_core.shell:Creating environment hook '/home/fausto/realsense_prova/install/prova_real/share/prova_real/hook/ament_prefix_path.sh'
[1.748s] INFO:colcon.colcon_core.shell:Skip shell extension 'powershell' for command environment: Not usable outside of PowerShell
[1.748s] DEBUG:colcon.colcon_core.shell:Skip shell extension 'dsv' for command environment
[2.398s] INFO:colcon.colcon_core.task.python.build:Building Python package in '/home/fausto/realsense_prova/src/prova_real'
[2.403s] INFO:colcon.colcon_core.shell:Skip shell extension 'powershell' for command environment: Not usable outside of PowerShell
[2.404s] DEBUG:colcon.colcon_core.shell:Skip shell extension 'dsv' for command environment
[3.634s] DEBUG:colcon.colcon_core.event_handler.log_command:Invoking command in '/home/fausto/realsense_prova/build/prova_real': PYTHONPATH=/home/fausto/realsense_prova/build/prova_real/prefix_override:/home/fausto/realsense_prova/install/prova_real/lib/python3.10/site-packages:${PYTHONPATH} /usr/bin/python3 setup.py develop --editable --build-directory /home/fausto/realsense_prova/build/prova_real/build --no-deps install_data
[4.388s] Level 1:colcon.colcon_core.shell:create_environment_hook('prova_real', 'pythonpath_develop')
[4.389s] INFO:colcon.colcon_core.shell:Creating environment hook '/home/fausto/realsense_prova/build/prova_real/share/prova_real/hook/pythonpath_develop.ps1'
[4.390s] DEBUG:colcon.colcon_core.event_handler.log_command:Invoked command in '/home/fausto/realsense_prova/build/prova_real' returned '0': PYTHONPATH=/home/fausto/realsense_prova/build/prova_real/prefix_override:/home/fausto/realsense_prova/install/prova_real/lib/python3.10/site-packages:${PYTHONPATH} /usr/bin/python3 setup.py develop --editable --build-directory /home/fausto/realsense_prova/build/prova_real/build --no-deps install_data
[4.390s] INFO:colcon.colcon_core.shell:Creating environment descriptor '/home/fausto/realsense_prova/build/prova_real/share/prova_real/hook/pythonpath_develop.dsv'
[4.390s] INFO:colcon.colcon_core.shell:Creating environment hook '/home/fausto/realsense_prova/build/prova_real/share/prova_real/hook/pythonpath_develop.sh'
[4.396s] Level 1:colcon.colcon_core.environment:checking '/home/fausto/realsense_prova/install/prova_real' for CMake module files
[4.396s] Level 1:colcon.colcon_core.environment:checking '/home/fausto/realsense_prova/install/prova_real' for CMake config files
[4.396s] Level 1:colcon.colcon_core.environment:checking '/home/fausto/realsense_prova/install/prova_real/lib'
[4.396s] Level 1:colcon.colcon_core.environment:checking '/home/fausto/realsense_prova/install/prova_real/bin'
[4.396s] Level 1:colcon.colcon_core.environment:checking '/home/fausto/realsense_prova/install/prova_real/lib/pkgconfig/prova_real.pc'
[4.397s] Level 1:colcon.colcon_core.environment:checking '/home/fausto/realsense_prova/install/prova_real/lib/python3.10/site-packages'
[4.397s] Level 1:colcon.colcon_core.shell:create_environment_hook('prova_real', 'pythonpath')
[4.398s] INFO:colcon.colcon_core.shell:Creating environment hook '/home/fausto/realsense_prova/install/prova_real/share/prova_real/hook/pythonpath.ps1'
[4.398s] INFO:colcon.colcon_core.shell:Creating environment descriptor '/home/fausto/realsense_prova/install/prova_real/share/prova_real/hook/pythonpath.dsv'
[4.398s] INFO:colcon.colcon_core.shell:Creating environment hook '/home/fausto/realsense_prova/install/prova_real/share/prova_real/hook/pythonpath.sh'
[4.398s] Level 1:colcon.colcon_core.environment:checking '/home/fausto/realsense_prova/install/prova_real/bin'
[4.398s] Level 1:colcon.colcon_core.environment:create_environment_scripts_only(prova_real)
[4.399s] INFO:colcon.colcon_core.shell:Creating package script '/home/fausto/realsense_prova/install/prova_real/share/prova_real/package.ps1'
[4.400s] INFO:colcon.colcon_core.shell:Creating package descriptor '/home/fausto/realsense_prova/install/prova_real/share/prova_real/package.dsv'
[4.401s] INFO:colcon.colcon_core.shell:Creating package script '/home/fausto/realsense_prova/install/prova_real/share/prova_real/package.sh'
[4.401s] INFO:colcon.colcon_core.shell:Creating package script '/home/fausto/realsense_prova/install/prova_real/share/prova_real/package.bash'
[4.402s] INFO:colcon.colcon_core.shell:Creating package script '/home/fausto/realsense_prova/install/prova_real/share/prova_real/package.zsh'
[4.424s] Level 1:colcon.colcon_core.environment:create_file_with_runtime_dependencies(/home/fausto/realsense_prova/install/prova_real/share/colcon-core/packages/prova_real)
[4.425s] DEBUG:colcon.colcon_parallel_executor.executor.parallel:closing loop
[4.425s] DEBUG:colcon.colcon_parallel_executor.executor.parallel:loop closed
[4.425s] DEBUG:colcon.colcon_parallel_executor.executor.parallel:run_until_complete finished with '0'
[4.425s] DEBUG:colcon.colcon_core.event_reactor:joining thread
[4.502s] INFO:colcon.colcon_core.plugin_system:Skipping extension 'colcon_notification.desktop_notification.terminal_notifier': Not used on non-Darwin systems
[4.502s] INFO:colcon.colcon_core.plugin_system:Skipping extension 'colcon_notification.desktop_notification.win32': Not used on non-Windows systems
[4.502s] INFO:colcon.colcon_notification.desktop_notification:Sending desktop notification using 'notify2'
[4.651s] DEBUG:colcon.colcon_core.event_reactor:joined thread
[4.657s] INFO:colcon.colcon_core.shell:Creating prefix script '/home/fausto/realsense_prova/install/local_setup.ps1'
[4.660s] INFO:colcon.colcon_core.shell:Creating prefix util module '/home/fausto/realsense_prova/install/_local_setup_util_ps1.py'
[4.665s] INFO:colcon.colcon_core.shell:Creating prefix chain script '/home/fausto/realsense_prova/install/setup.ps1'
[4.671s] INFO:colcon.colcon_core.shell:Creating prefix script '/home/fausto/realsense_prova/install/local_setup.sh'
[4.673s] INFO:colcon.colcon_core.shell:Creating prefix util module '/home/fausto/realsense_prova/install/_local_setup_util_sh.py'
[4.675s] INFO:colcon.colcon_core.shell:Creating prefix chain script '/home/fausto/realsense_prova/install/setup.sh'
[4.680s] INFO:colcon.colcon_core.shell:Creating prefix script '/home/fausto/realsense_prova/install/local_setup.bash'
[4.682s] INFO:colcon.colcon_core.shell:Creating prefix chain script '/home/fausto/realsense_prova/install/setup.bash'
[4.688s] INFO:colcon.colcon_core.shell:Creating prefix script '/home/fausto/realsense_prova/install/local_setup.zsh'
[4.690s] INFO:colcon.colcon_core.shell:Creating prefix chain script '/home/fausto/realsense_prova/install/setup.zsh'
