[3.174s] DEBUG:colcon:Command line arguments: ['/usr/bin/colcon', 'build', '--symlink-install']
[3.175s] DEBUG:colcon:Parsed command line arguments: Namespace(log_base=None, log_level=None, verb_name='build', build_base='build', install_base='install', merge_install=False, symlink_install=True, test_result_base=None, continue_on_error=False, executor='parallel', parallel_workers=12, event_handlers=None, ignore_user_meta=False, metas=['./colcon.meta'], base_paths=['.'], packages_ignore=None, packages_ignore_regex=None, paths=None, packages_up_to=None, packages_up_to_regex=None, packages_above=None, packages_above_and_dependencies=None, packages_above_depth=None, packages_select_by_dep=None, packages_skip_by_dep=None, packages_skip_up_to=None, packages_select_build_failed=False, packages_skip_build_finished=False, packages_select_test_failures=False, packages_skip_test_passed=False, packages_select=None, packages_skip=None, packages_select_regex=None, packages_skip_regex=None, packages_start=None, packages_end=None, allow_overriding=[], cmake_args=None, cmake_target=None, cmake_target_skip_unavailable=False, cmake_clean_cache=False, cmake_clean_first=False, cmake_force_configure=False, ament_cmake_args=None, catkin_cmake_args=None, catkin_skip_building_tests=False, verb_parser=<colcon_defaults.argument_parser.defaults.DefaultArgumentsDecorator object at 0x7f9f750872b0>, verb_extension=<colcon_core.verb.build.BuildVerb object at 0x7f9f74e77610>, main=<bound method BuildVerb.main of <colcon_core.verb.build.BuildVerb object at 0x7f9f74e77610>>)
[3.525s] Level 1:colcon.colcon_core.package_discovery:discover_packages(colcon_meta) check parameters
[3.525s] Level 1:colcon.colcon_core.package_discovery:discover_packages(recursive) check parameters
[3.525s] Level 1:colcon.colcon_core.package_discovery:discover_packages(ignore) check parameters
[3.525s] Level 1:colcon.colcon_core.package_discovery:discover_packages(path) check parameters
[3.525s] Level 1:colcon.colcon_core.package_discovery:discover_packages(colcon_meta) discover
[3.526s] Level 1:colcon.colcon_core.package_discovery:discover_packages(recursive) discover
[3.526s] INFO:colcon.colcon_core.package_discovery:Crawling recursively for packages in '/home/fausto/realsense_prova'
[3.526s] Level 1:colcon.colcon_core.package_identification:_identify(.) by extensions ['ignore', 'ignore_ament_install']
[3.527s] Level 1:colcon.colcon_core.package_identification:_identify(.) by extension 'ignore'
[3.527s] Level 1:colcon.colcon_core.package_identification:_identify(.) by extension 'ignore_ament_install'
[3.527s] Level 1:colcon.colcon_core.package_identification:_identify(.) by extensions ['colcon_pkg']
[3.527s] Level 1:colcon.colcon_core.package_identification:_identify(.) by extension 'colcon_pkg'
[3.527s] Level 1:colcon.colcon_core.package_identification:_identify(.) by extensions ['colcon_meta']
[3.528s] Level 1:colcon.colcon_core.package_identification:_identify(.) by extension 'colcon_meta'
[3.528s] Level 1:colcon.colcon_core.package_identification:_identify(.) by extensions ['ros']
[3.528s] Level 1:colcon.colcon_core.package_identification:_identify(.) by extension 'ros'
[3.584s] Level 1:colcon.colcon_core.package_identification:_identify(.) by extensions ['cmake', 'python']
[3.584s] Level 1:colcon.colcon_core.package_identification:_identify(.) by extension 'cmake'
[3.584s] Level 1:colcon.colcon_core.package_identification:_identify(.) by extension 'python'
[3.584s] Level 1:colcon.colcon_core.package_identification:_identify(.) by extensions ['python_setup_py']
[3.585s] Level 1:colcon.colcon_core.package_identification:_identify(.) by extension 'python_setup_py'
[3.585s] Level 1:colcon.colcon_core.package_identification:_identify(build) by extensions ['ignore', 'ignore_ament_install']
[3.585s] Level 1:colcon.colcon_core.package_identification:_identify(build) by extension 'ignore'
[3.586s] Level 1:colcon.colcon_core.package_identification:_identify(build) ignored
[3.586s] Level 1:colcon.colcon_core.package_identification:_identify(install) by extensions ['ignore', 'ignore_ament_install']
[3.587s] Level 1:colcon.colcon_core.package_identification:_identify(install) by extension 'ignore'
[3.587s] Level 1:colcon.colcon_core.package_identification:_identify(install) ignored
[3.587s] Level 1:colcon.colcon_core.package_identification:_identify(log) by extensions ['ignore', 'ignore_ament_install']
[3.587s] Level 1:colcon.colcon_core.package_identification:_identify(log) by extension 'ignore'
[3.588s] Level 1:colcon.colcon_core.package_identification:_identify(log) ignored
[3.588s] Level 1:colcon.colcon_core.package_identification:_identify(src) by extensions ['ignore', 'ignore_ament_install']
[3.588s] Level 1:colcon.colcon_core.package_identification:_identify(src) by extension 'ignore'
[3.589s] Level 1:colcon.colcon_core.package_identification:_identify(src) by extension 'ignore_ament_install'
[3.589s] Level 1:colcon.colcon_core.package_identification:_identify(src) by extensions ['colcon_pkg']
[3.589s] Level 1:colcon.colcon_core.package_identification:_identify(src) by extension 'colcon_pkg'
[3.589s] Level 1:colcon.colcon_core.package_identification:_identify(src) by extensions ['colcon_meta']
[3.589s] Level 1:colcon.colcon_core.package_identification:_identify(src) by extension 'colcon_meta'
[3.589s] Level 1:colcon.colcon_core.package_identification:_identify(src) by extensions ['ros']
[3.590s] Level 1:colcon.colcon_core.package_identification:_identify(src) by extension 'ros'
[3.590s] Level 1:colcon.colcon_core.package_identification:_identify(src) by extensions ['cmake', 'python']
[3.590s] Level 1:colcon.colcon_core.package_identification:_identify(src) by extension 'cmake'
[3.590s] Level 1:colcon.colcon_core.package_identification:_identify(src) by extension 'python'
[3.590s] Level 1:colcon.colcon_core.package_identification:_identify(src) by extensions ['python_setup_py']
[3.591s] Level 1:colcon.colcon_core.package_identification:_identify(src) by extension 'python_setup_py'
[3.591s] Level 1:colcon.colcon_core.package_identification:_identify(src/prova_real) by extensions ['ignore', 'ignore_ament_install']
[3.591s] Level 1:colcon.colcon_core.package_identification:_identify(src/prova_real) by extension 'ignore'
[3.592s] Level 1:colcon.colcon_core.package_identification:_identify(src/prova_real) by extension 'ignore_ament_install'
[3.592s] Level 1:colcon.colcon_core.package_identification:_identify(src/prova_real) by extensions ['colcon_pkg']
[3.592s] Level 1:colcon.colcon_core.package_identification:_identify(src/prova_real) by extension 'colcon_pkg'
[3.592s] Level 1:colcon.colcon_core.package_identification:_identify(src/prova_real) by extensions ['colcon_meta']
[3.592s] Level 1:colcon.colcon_core.package_identification:_identify(src/prova_real) by extension 'colcon_meta'
[3.592s] Level 1:colcon.colcon_core.package_identification:_identify(src/prova_real) by extensions ['ros']
[3.593s] Level 1:colcon.colcon_core.package_identification:_identify(src/prova_real) by extension 'ros'
[3.616s] DEBUG:colcon.colcon_core.package_identification:Package 'src/prova_real' with type 'ros.ament_python' and name 'prova_real'
[3.616s] Level 1:colcon.colcon_core.package_discovery:discover_packages(recursive) using defaults
[3.616s] Level 1:colcon.colcon_core.package_discovery:discover_packages(ignore) discover
[3.617s] Level 1:colcon.colcon_core.package_discovery:discover_packages(ignore) using defaults
[3.617s] Level 1:colcon.colcon_core.package_discovery:discover_packages(path) discover
[3.617s] Level 1:colcon.colcon_core.package_discovery:discover_packages(path) using defaults
[3.821s] Level 1:colcon.colcon_core.package_discovery:discover_packages(prefix_path) check parameters
[3.822s] Level 1:colcon.colcon_core.package_discovery:discover_packages(prefix_path) discover
[3.933s] DEBUG:colcon.colcon_installed_package_information.package_discovery:Found 1 installed packages in /home/fausto/realsense_prova/install
[3.950s] DEBUG:colcon.colcon_installed_package_information.package_discovery:Found 3 installed packages in /home/fausto/guide_ws/install
[3.979s] DEBUG:colcon.colcon_installed_package_information.package_discovery:Found 275 installed packages in /opt/ros/humble
[3.984s] Level 1:colcon.colcon_core.package_discovery:discover_packages(prefix_path) using defaults
[4.289s] Level 5:colcon.colcon_core.verb:set package 'prova_real' build argument 'cmake_args' from command line to 'None'
[4.290s] Level 5:colcon.colcon_core.verb:set package 'prova_real' build argument 'cmake_target' from command line to 'None'
[4.290s] Level 5:colcon.colcon_core.verb:set package 'prova_real' build argument 'cmake_target_skip_unavailable' from command line to 'False'
[4.290s] Level 5:colcon.colcon_core.verb:set package 'prova_real' build argument 'cmake_clean_cache' from command line to 'False'
[4.290s] Level 5:colcon.colcon_core.verb:set package 'prova_real' build argument 'cmake_clean_first' from command line to 'False'
[4.290s] Level 5:colcon.colcon_core.verb:set package 'prova_real' build argument 'cmake_force_configure' from command line to 'False'
[4.290s] Level 5:colcon.colcon_core.verb:set package 'prova_real' build argument 'ament_cmake_args' from command line to 'None'
[4.290s] Level 5:colcon.colcon_core.verb:set package 'prova_real' build argument 'catkin_cmake_args' from command line to 'None'
[4.290s] Level 5:colcon.colcon_core.verb:set package 'prova_real' build argument 'catkin_skip_building_tests' from command line to 'False'
[4.291s] DEBUG:colcon.colcon_core.verb:Building package 'prova_real' with the following arguments: {'ament_cmake_args': None, 'build_base': '/home/fausto/realsense_prova/build/prova_real', 'catkin_cmake_args': None, 'catkin_skip_building_tests': False, 'cmake_args': None, 'cmake_clean_cache': False, 'cmake_clean_first': False, 'cmake_force_configure': False, 'cmake_target': None, 'cmake_target_skip_unavailable': False, 'install_base': '/home/fausto/realsense_prova/install/prova_real', 'merge_install': False, 'path': '/home/fausto/realsense_prova/src/prova_real', 'symlink_install': True, 'test_result_base': None}
[4.293s] INFO:colcon.colcon_core.executor:Executing jobs using 'parallel' executor
[4.306s] DEBUG:colcon.colcon_parallel_executor.executor.parallel:run_until_complete
[4.306s] INFO:colcon.colcon_ros.task.ament_python.build:Building ROS package in '/home/fausto/realsense_prova/src/prova_real' with build type 'ament_python'
[4.307s] Level 1:colcon.colcon_core.shell:create_environment_hook('prova_real', 'ament_prefix_path')
[4.375s] INFO:colcon.colcon_core.plugin_system:Skipping extension 'colcon_core.shell.bat': Not used on non-Windows systems
[4.376s] INFO:colcon.colcon_core.shell:Creating environment hook '/home/fausto/realsense_prova/install/prova_real/share/prova_real/hook/ament_prefix_path.ps1'
[4.401s] INFO:colcon.colcon_core.shell:Creating environment descriptor '/home/fausto/realsense_prova/install/prova_real/share/prova_real/hook/ament_prefix_path.dsv'
[4.431s] INFO:colcon.colcon_core.shell:Creating environment hook '/home/fausto/realsense_prova/install/prova_real/share/prova_real/hook/ament_prefix_path.sh'
[4.439s] INFO:colcon.colcon_core.shell:Skip shell extension 'powershell' for command environment: Not usable outside of PowerShell
[4.439s] DEBUG:colcon.colcon_core.shell:Skip shell extension 'dsv' for command environment
[5.290s] INFO:colcon.colcon_core.task.python.build:Building Python package in '/home/fausto/realsense_prova/src/prova_real'
[5.295s] INFO:colcon.colcon_core.shell:Skip shell extension 'powershell' for command environment: Not usable outside of PowerShell
[5.295s] DEBUG:colcon.colcon_core.shell:Skip shell extension 'dsv' for command environment
[6.260s] DEBUG:colcon.colcon_core.event_handler.log_command:Invoking command in '/home/fausto/realsense_prova/build/prova_real': PYTHONPATH=/home/fausto/realsense_prova/build/prova_real/prefix_override:/home/fausto/realsense_prova/install/prova_real/lib/python3.10/site-packages:${PYTHONPATH} /usr/bin/python3 setup.py develop --editable --build-directory /home/fausto/realsense_prova/build/prova_real/build --no-deps install_data
[7.303s] Level 1:colcon.colcon_core.shell:create_environment_hook('prova_real', 'pythonpath_develop')
[7.311s] INFO:colcon.colcon_core.shell:Creating environment hook '/home/fausto/realsense_prova/build/prova_real/share/prova_real/hook/pythonpath_develop.ps1'
[7.312s] DEBUG:colcon.colcon_core.event_handler.log_command:Invoked command in '/home/fausto/realsense_prova/build/prova_real' returned '0': PYTHONPATH=/home/fausto/realsense_prova/build/prova_real/prefix_override:/home/fausto/realsense_prova/install/prova_real/lib/python3.10/site-packages:${PYTHONPATH} /usr/bin/python3 setup.py develop --editable --build-directory /home/fausto/realsense_prova/build/prova_real/build --no-deps install_data
[7.314s] INFO:colcon.colcon_core.shell:Creating environment descriptor '/home/fausto/realsense_prova/build/prova_real/share/prova_real/hook/pythonpath_develop.dsv'
[7.315s] INFO:colcon.colcon_core.shell:Creating environment hook '/home/fausto/realsense_prova/build/prova_real/share/prova_real/hook/pythonpath_develop.sh'
[7.391s] Level 1:colcon.colcon_core.environment:checking '/home/fausto/realsense_prova/install/prova_real' for CMake module files
[7.393s] Level 1:colcon.colcon_core.environment:checking '/home/fausto/realsense_prova/install/prova_real' for CMake config files
[7.396s] Level 1:colcon.colcon_core.environment:checking '/home/fausto/realsense_prova/install/prova_real/lib'
[7.396s] Level 1:colcon.colcon_core.environment:checking '/home/fausto/realsense_prova/install/prova_real/bin'
[7.397s] Level 1:colcon.colcon_core.environment:checking '/home/fausto/realsense_prova/install/prova_real/lib/pkgconfig/prova_real.pc'
[7.398s] Level 1:colcon.colcon_core.environment:checking '/home/fausto/realsense_prova/install/prova_real/lib/python3.10/site-packages'
[7.398s] Level 1:colcon.colcon_core.shell:create_environment_hook('prova_real', 'pythonpath')
[7.403s] INFO:colcon.colcon_core.shell:Creating environment hook '/home/fausto/realsense_prova/install/prova_real/share/prova_real/hook/pythonpath.ps1'
[7.404s] INFO:colcon.colcon_core.shell:Creating environment descriptor '/home/fausto/realsense_prova/install/prova_real/share/prova_real/hook/pythonpath.dsv'
[7.405s] INFO:colcon.colcon_core.shell:Creating environment hook '/home/fausto/realsense_prova/install/prova_real/share/prova_real/hook/pythonpath.sh'
[7.407s] Level 1:colcon.colcon_core.environment:checking '/home/fausto/realsense_prova/install/prova_real/bin'
[7.407s] Level 1:colcon.colcon_core.environment:create_environment_scripts_only(prova_real)
[7.413s] INFO:colcon.colcon_core.shell:Creating package script '/home/fausto/realsense_prova/install/prova_real/share/prova_real/package.ps1'
[7.416s] INFO:colcon.colcon_core.shell:Creating package descriptor '/home/fausto/realsense_prova/install/prova_real/share/prova_real/package.dsv'
[7.419s] INFO:colcon.colcon_core.shell:Creating package script '/home/fausto/realsense_prova/install/prova_real/share/prova_real/package.sh'
[7.422s] INFO:colcon.colcon_core.shell:Creating package script '/home/fausto/realsense_prova/install/prova_real/share/prova_real/package.bash'
[7.425s] INFO:colcon.colcon_core.shell:Creating package script '/home/fausto/realsense_prova/install/prova_real/share/prova_real/package.zsh'
[7.428s] Level 1:colcon.colcon_core.environment:create_file_with_runtime_dependencies(/home/fausto/realsense_prova/install/prova_real/share/colcon-core/packages/prova_real)
[7.429s] DEBUG:colcon.colcon_parallel_executor.executor.parallel:closing loop
[7.430s] DEBUG:colcon.colcon_parallel_executor.executor.parallel:loop closed
[7.430s] DEBUG:colcon.colcon_parallel_executor.executor.parallel:run_until_complete finished with '0'
[7.431s] DEBUG:colcon.colcon_core.event_reactor:joining thread
[7.510s] INFO:colcon.colcon_core.plugin_system:Skipping extension 'colcon_notification.desktop_notification.terminal_notifier': Not used on non-Darwin systems
[7.510s] INFO:colcon.colcon_core.plugin_system:Skipping extension 'colcon_notification.desktop_notification.win32': Not used on non-Windows systems
[7.511s] INFO:colcon.colcon_notification.desktop_notification:Sending desktop notification using 'notify2'
[7.566s] DEBUG:colcon.colcon_core.event_reactor:joined thread
[7.572s] INFO:colcon.colcon_core.shell:Creating prefix script '/home/fausto/realsense_prova/install/local_setup.ps1'
[7.575s] INFO:colcon.colcon_core.shell:Creating prefix util module '/home/fausto/realsense_prova/install/_local_setup_util_ps1.py'
[7.580s] INFO:colcon.colcon_core.shell:Creating prefix chain script '/home/fausto/realsense_prova/install/setup.ps1'
[7.586s] INFO:colcon.colcon_core.shell:Creating prefix script '/home/fausto/realsense_prova/install/local_setup.sh'
[7.588s] INFO:colcon.colcon_core.shell:Creating prefix util module '/home/fausto/realsense_prova/install/_local_setup_util_sh.py'
[7.590s] INFO:colcon.colcon_core.shell:Creating prefix chain script '/home/fausto/realsense_prova/install/setup.sh'
[7.596s] INFO:colcon.colcon_core.shell:Creating prefix script '/home/fausto/realsense_prova/install/local_setup.bash'
[7.598s] INFO:colcon.colcon_core.shell:Creating prefix chain script '/home/fausto/realsense_prova/install/setup.bash'
[7.604s] INFO:colcon.colcon_core.shell:Creating prefix script '/home/fausto/realsense_prova/install/local_setup.zsh'
[7.605s] INFO:colcon.colcon_core.shell:Creating prefix chain script '/home/fausto/realsense_prova/install/setup.zsh'
