[0.644s] DEBUG:colcon:Command line arguments: ['/usr/bin/colcon', 'build', '--packages-select', 'prova_real', '--symlink-install']
[0.644s] DEBUG:colcon:Parsed command line arguments: Namespace(log_base=None, log_level=None, verb_name='build', build_base='build', install_base='install', merge_install=False, symlink_install=True, test_result_base=None, continue_on_error=False, executor='parallel', parallel_workers=12, event_handlers=None, ignore_user_meta=False, metas=['./colcon.meta'], base_paths=['.'], packages_ignore=None, packages_ignore_regex=None, paths=None, packages_up_to=None, packages_up_to_regex=None, packages_above=None, packages_above_and_dependencies=None, packages_above_depth=None, packages_select_by_dep=None, packages_skip_by_dep=None, packages_skip_up_to=None, packages_select_build_failed=False, packages_skip_build_finished=False, packages_select_test_failures=False, packages_skip_test_passed=False, packages_select=['prova_real'], packages_skip=None, packages_select_regex=None, packages_skip_regex=None, packages_start=None, packages_end=None, allow_overriding=[], cmake_args=None, cmake_target=None, cmake_target_skip_unavailable=False, cmake_clean_cache=False, cmake_clean_first=False, cmake_force_configure=False, ament_cmake_args=None, catkin_cmake_args=None, catkin_skip_building_tests=False, verb_parser=<colcon_defaults.argument_parser.defaults.DefaultArgumentsDecorator object at 0x7f09038cfd90>, verb_extension=<colcon_core.verb.build.BuildVerb object at 0x7f090392f640>, main=<bound method BuildVerb.main of <colcon_core.verb.build.BuildVerb object at 0x7f090392f640>>)
[0.755s] Level 1:colcon.colcon_core.package_discovery:discover_packages(colcon_meta) check parameters
[0.756s] Level 1:colcon.colcon_core.package_discovery:discover_packages(recursive) check parameters
[0.756s] Level 1:colcon.colcon_core.package_discovery:discover_packages(ignore) check parameters
[0.756s] Level 1:colcon.colcon_core.package_discovery:discover_packages(path) check parameters
[0.756s] Level 1:colcon.colcon_core.package_discovery:discover_packages(colcon_meta) discover
[0.756s] Level 1:colcon.colcon_core.package_discovery:discover_packages(recursive) discover
[0.757s] INFO:colcon.colcon_core.package_discovery:Crawling recursively for packages in '/home/fausto/realsense_prova'
[0.757s] Level 1:colcon.colcon_core.package_identification:_identify(.) by extensions ['ignore', 'ignore_ament_install']
[0.757s] Level 1:colcon.colcon_core.package_identification:_identify(.) by extension 'ignore'
[0.758s] Level 1:colcon.colcon_core.package_identification:_identify(.) by extension 'ignore_ament_install'
[0.758s] Level 1:colcon.colcon_core.package_identification:_identify(.) by extensions ['colcon_pkg']
[0.758s] Level 1:colcon.colcon_core.package_identification:_identify(.) by extension 'colcon_pkg'
[0.758s] Level 1:colcon.colcon_core.package_identification:_identify(.) by extensions ['colcon_meta']
[0.758s] Level 1:colcon.colcon_core.package_identification:_identify(.) by extension 'colcon_meta'
[0.758s] Level 1:colcon.colcon_core.package_identification:_identify(.) by extensions ['ros']
[0.759s] Level 1:colcon.colcon_core.package_identification:_identify(.) by extension 'ros'
[0.805s] Level 1:colcon.colcon_core.package_identification:_identify(.) by extensions ['cmake', 'python']
[0.805s] Level 1:colcon.colcon_core.package_identification:_identify(.) by extension 'cmake'
[0.805s] Level 1:colcon.colcon_core.package_identification:_identify(.) by extension 'python'
[0.805s] Level 1:colcon.colcon_core.package_identification:_identify(.) by extensions ['python_setup_py']
[0.806s] Level 1:colcon.colcon_core.package_identification:_identify(.) by extension 'python_setup_py'
[0.806s] Level 1:colcon.colcon_core.package_identification:_identify(build) by extensions ['ignore', 'ignore_ament_install']
[0.806s] Level 1:colcon.colcon_core.package_identification:_identify(build) by extension 'ignore'
[0.807s] Level 1:colcon.colcon_core.package_identification:_identify(build) ignored
[0.807s] Level 1:colcon.colcon_core.package_identification:_identify(install) by extensions ['ignore', 'ignore_ament_install']
[0.807s] Level 1:colcon.colcon_core.package_identification:_identify(install) by extension 'ignore'
[0.808s] Level 1:colcon.colcon_core.package_identification:_identify(install) ignored
[0.808s] Level 1:colcon.colcon_core.package_identification:_identify(log) by extensions ['ignore', 'ignore_ament_install']
[0.808s] Level 1:colcon.colcon_core.package_identification:_identify(log) by extension 'ignore'
[0.809s] Level 1:colcon.colcon_core.package_identification:_identify(log) ignored
[0.809s] Level 1:colcon.colcon_core.package_identification:_identify(src) by extensions ['ignore', 'ignore_ament_install']
[0.809s] Level 1:colcon.colcon_core.package_identification:_identify(src) by extension 'ignore'
[0.810s] Level 1:colcon.colcon_core.package_identification:_identify(src) by extension 'ignore_ament_install'
[0.810s] Level 1:colcon.colcon_core.package_identification:_identify(src) by extensions ['colcon_pkg']
[0.810s] Level 1:colcon.colcon_core.package_identification:_identify(src) by extension 'colcon_pkg'
[0.810s] Level 1:colcon.colcon_core.package_identification:_identify(src) by extensions ['colcon_meta']
[0.810s] Level 1:colcon.colcon_core.package_identification:_identify(src) by extension 'colcon_meta'
[0.810s] Level 1:colcon.colcon_core.package_identification:_identify(src) by extensions ['ros']
[0.811s] Level 1:colcon.colcon_core.package_identification:_identify(src) by extension 'ros'
[0.811s] Level 1:colcon.colcon_core.package_identification:_identify(src) by extensions ['cmake', 'python']
[0.811s] Level 1:colcon.colcon_core.package_identification:_identify(src) by extension 'cmake'
[0.811s] Level 1:colcon.colcon_core.package_identification:_identify(src) by extension 'python'
[0.811s] Level 1:colcon.colcon_core.package_identification:_identify(src) by extensions ['python_setup_py']
[0.812s] Level 1:colcon.colcon_core.package_identification:_identify(src) by extension 'python_setup_py'
[0.812s] Level 1:colcon.colcon_core.package_identification:_identify(src/prova_real) by extensions ['ignore', 'ignore_ament_install']
[0.812s] Level 1:colcon.colcon_core.package_identification:_identify(src/prova_real) by extension 'ignore'
[0.813s] Level 1:colcon.colcon_core.package_identification:_identify(src/prova_real) by extension 'ignore_ament_install'
[0.813s] Level 1:colcon.colcon_core.package_identification:_identify(src/prova_real) by extensions ['colcon_pkg']
[0.813s] Level 1:colcon.colcon_core.package_identification:_identify(src/prova_real) by extension 'colcon_pkg'
[0.813s] Level 1:colcon.colcon_core.package_identification:_identify(src/prova_real) by extensions ['colcon_meta']
[0.813s] Level 1:colcon.colcon_core.package_identification:_identify(src/prova_real) by extension 'colcon_meta'
[0.813s] Level 1:colcon.colcon_core.package_identification:_identify(src/prova_real) by extensions ['ros']
[0.814s] Level 1:colcon.colcon_core.package_identification:_identify(src/prova_real) by extension 'ros'
[0.837s] DEBUG:colcon.colcon_core.package_identification:Package 'src/prova_real' with type 'ros.ament_python' and name 'prova_real'
[0.837s] Level 1:colcon.colcon_core.package_discovery:discover_packages(recursive) using defaults
[0.837s] Level 1:colcon.colcon_core.package_discovery:discover_packages(ignore) discover
[0.837s] Level 1:colcon.colcon_core.package_discovery:discover_packages(ignore) using defaults
[0.837s] Level 1:colcon.colcon_core.package_discovery:discover_packages(path) discover
[0.837s] Level 1:colcon.colcon_core.package_discovery:discover_packages(path) using defaults
[0.930s] Level 1:colcon.colcon_core.package_discovery:discover_packages(prefix_path) check parameters
[0.930s] Level 1:colcon.colcon_core.package_discovery:discover_packages(prefix_path) discover
[0.962s] DEBUG:colcon.colcon_installed_package_information.package_discovery:Found 3 installed packages in /home/fausto/guide_ws/install
[0.970s] DEBUG:colcon.colcon_installed_package_information.package_discovery:Found 275 installed packages in /opt/ros/humble
[0.975s] Level 1:colcon.colcon_core.package_discovery:discover_packages(prefix_path) using defaults
[1.322s] Level 5:colcon.colcon_core.verb:set package 'prova_real' build argument 'cmake_args' from command line to 'None'
[1.322s] Level 5:colcon.colcon_core.verb:set package 'prova_real' build argument 'cmake_target' from command line to 'None'
[1.322s] Level 5:colcon.colcon_core.verb:set package 'prova_real' build argument 'cmake_target_skip_unavailable' from command line to 'False'
[1.322s] Level 5:colcon.colcon_core.verb:set package 'prova_real' build argument 'cmake_clean_cache' from command line to 'False'
[1.322s] Level 5:colcon.colcon_core.verb:set package 'prova_real' build argument 'cmake_clean_first' from command line to 'False'
[1.322s] Level 5:colcon.colcon_core.verb:set package 'prova_real' build argument 'cmake_force_configure' from command line to 'False'
[1.323s] Level 5:colcon.colcon_core.verb:set package 'prova_real' build argument 'ament_cmake_args' from command line to 'None'
[1.323s] Level 5:colcon.colcon_core.verb:set package 'prova_real' build argument 'catkin_cmake_args' from command line to 'None'
[1.323s] Level 5:colcon.colcon_core.verb:set package 'prova_real' build argument 'catkin_skip_building_tests' from command line to 'False'
[1.323s] DEBUG:colcon.colcon_core.verb:Building package 'prova_real' with the following arguments: {'ament_cmake_args': None, 'build_base': '/home/fausto/realsense_prova/build/prova_real', 'catkin_cmake_args': None, 'catkin_skip_building_tests': False, 'cmake_args': None, 'cmake_clean_cache': False, 'cmake_clean_first': False, 'cmake_force_configure': False, 'cmake_target': None, 'cmake_target_skip_unavailable': False, 'install_base': '/home/fausto/realsense_prova/install/prova_real', 'merge_install': False, 'path': '/home/fausto/realsense_prova/src/prova_real', 'symlink_install': True, 'test_result_base': None}
[1.326s] INFO:colcon.colcon_core.executor:Executing jobs using 'parallel' executor
[1.339s] DEBUG:colcon.colcon_parallel_executor.executor.parallel:run_until_complete
[1.340s] INFO:colcon.colcon_ros.task.ament_python.build:Building ROS package in '/home/fausto/realsense_prova/src/prova_real' with build type 'ament_python'
[1.340s] Level 1:colcon.colcon_core.shell:create_environment_hook('prova_real', 'ament_prefix_path')
[1.360s] INFO:colcon.colcon_core.plugin_system:Skipping extension 'colcon_core.shell.bat': Not used on non-Windows systems
[1.360s] INFO:colcon.colcon_core.shell:Creating environment hook '/home/fausto/realsense_prova/install/prova_real/share/prova_real/hook/ament_prefix_path.ps1'
[1.429s] INFO:colcon.colcon_core.shell:Creating environment descriptor '/home/fausto/realsense_prova/install/prova_real/share/prova_real/hook/ament_prefix_path.dsv'
[1.483s] INFO:colcon.colcon_core.shell:Creating environment hook '/home/fausto/realsense_prova/install/prova_real/share/prova_real/hook/ament_prefix_path.sh'
[1.491s] INFO:colcon.colcon_core.shell:Skip shell extension 'powershell' for command environment: Not usable outside of PowerShell
[1.491s] DEBUG:colcon.colcon_core.shell:Skip shell extension 'dsv' for command environment
[2.138s] INFO:colcon.colcon_core.task.python.build:Building Python package in '/home/fausto/realsense_prova/src/prova_real'
[2.141s] INFO:colcon.colcon_core.shell:Skip shell extension 'powershell' for command environment: Not usable outside of PowerShell
[2.141s] DEBUG:colcon.colcon_core.shell:Skip shell extension 'dsv' for command environment
[3.300s] DEBUG:colcon.colcon_core.event_handler.log_command:Invoking command in '/home/fausto/realsense_prova/build/prova_real': PYTHONPATH=/home/fausto/realsense_prova/build/prova_real/prefix_override:/home/fausto/realsense_prova/install/prova_real/lib/python3.10/site-packages:${PYTHONPATH} /usr/bin/python3 setup.py develop --editable --build-directory /home/fausto/realsense_prova/build/prova_real/build --no-deps install_data
[3.960s] Level 1:colcon.colcon_core.shell:create_environment_hook('prova_real', 'pythonpath_develop')
[3.961s] INFO:colcon.colcon_core.shell:Creating environment hook '/home/fausto/realsense_prova/build/prova_real/share/prova_real/hook/pythonpath_develop.ps1'
[3.961s] DEBUG:colcon.colcon_core.event_handler.log_command:Invoked command in '/home/fausto/realsense_prova/build/prova_real' returned '0': PYTHONPATH=/home/fausto/realsense_prova/build/prova_real/prefix_override:/home/fausto/realsense_prova/install/prova_real/lib/python3.10/site-packages:${PYTHONPATH} /usr/bin/python3 setup.py develop --editable --build-directory /home/fausto/realsense_prova/build/prova_real/build --no-deps install_data
[3.962s] INFO:colcon.colcon_core.shell:Creating environment descriptor '/home/fausto/realsense_prova/build/prova_real/share/prova_real/hook/pythonpath_develop.dsv'
[3.962s] INFO:colcon.colcon_core.shell:Creating environment hook '/home/fausto/realsense_prova/build/prova_real/share/prova_real/hook/pythonpath_develop.sh'
[3.967s] Level 1:colcon.colcon_core.environment:checking '/home/fausto/realsense_prova/install/prova_real' for CMake module files
[3.967s] Level 1:colcon.colcon_core.environment:checking '/home/fausto/realsense_prova/install/prova_real' for CMake config files
[3.968s] Level 1:colcon.colcon_core.environment:checking '/home/fausto/realsense_prova/install/prova_real/lib'
[3.968s] Level 1:colcon.colcon_core.environment:checking '/home/fausto/realsense_prova/install/prova_real/bin'
[3.968s] Level 1:colcon.colcon_core.environment:checking '/home/fausto/realsense_prova/install/prova_real/lib/pkgconfig/prova_real.pc'
[3.968s] Level 1:colcon.colcon_core.environment:checking '/home/fausto/realsense_prova/install/prova_real/lib/python3.10/site-packages'
[3.968s] Level 1:colcon.colcon_core.shell:create_environment_hook('prova_real', 'pythonpath')
[3.969s] INFO:colcon.colcon_core.shell:Creating environment hook '/home/fausto/realsense_prova/install/prova_real/share/prova_real/hook/pythonpath.ps1'
[3.969s] INFO:colcon.colcon_core.shell:Creating environment descriptor '/home/fausto/realsense_prova/install/prova_real/share/prova_real/hook/pythonpath.dsv'
[3.970s] INFO:colcon.colcon_core.shell:Creating environment hook '/home/fausto/realsense_prova/install/prova_real/share/prova_real/hook/pythonpath.sh'
[3.970s] Level 1:colcon.colcon_core.environment:checking '/home/fausto/realsense_prova/install/prova_real/bin'
[3.970s] Level 1:colcon.colcon_core.environment:create_environment_scripts_only(prova_real)
[3.971s] INFO:colcon.colcon_core.shell:Creating package script '/home/fausto/realsense_prova/install/prova_real/share/prova_real/package.ps1'
[3.972s] INFO:colcon.colcon_core.shell:Creating package descriptor '/home/fausto/realsense_prova/install/prova_real/share/prova_real/package.dsv'
[3.973s] INFO:colcon.colcon_core.shell:Creating package script '/home/fausto/realsense_prova/install/prova_real/share/prova_real/package.sh'
[3.973s] INFO:colcon.colcon_core.shell:Creating package script '/home/fausto/realsense_prova/install/prova_real/share/prova_real/package.bash'
[3.974s] INFO:colcon.colcon_core.shell:Creating package script '/home/fausto/realsense_prova/install/prova_real/share/prova_real/package.zsh'
[4.004s] Level 1:colcon.colcon_core.environment:create_file_with_runtime_dependencies(/home/fausto/realsense_prova/install/prova_real/share/colcon-core/packages/prova_real)
[4.005s] DEBUG:colcon.colcon_parallel_executor.executor.parallel:closing loop
[4.005s] DEBUG:colcon.colcon_parallel_executor.executor.parallel:loop closed
[4.005s] DEBUG:colcon.colcon_parallel_executor.executor.parallel:run_until_complete finished with '0'
[4.005s] DEBUG:colcon.colcon_core.event_reactor:joining thread
[4.093s] INFO:colcon.colcon_core.plugin_system:Skipping extension 'colcon_notification.desktop_notification.terminal_notifier': Not used on non-Darwin systems
[4.094s] INFO:colcon.colcon_core.plugin_system:Skipping extension 'colcon_notification.desktop_notification.win32': Not used on non-Windows systems
[4.094s] INFO:colcon.colcon_notification.desktop_notification:Sending desktop notification using 'notify2'
[4.203s] DEBUG:colcon.colcon_core.event_reactor:joined thread
[4.208s] INFO:colcon.colcon_core.shell:Creating prefix script '/home/fausto/realsense_prova/install/local_setup.ps1'
[4.212s] INFO:colcon.colcon_core.shell:Creating prefix util module '/home/fausto/realsense_prova/install/_local_setup_util_ps1.py'
[4.218s] INFO:colcon.colcon_core.shell:Creating prefix chain script '/home/fausto/realsense_prova/install/setup.ps1'
[4.225s] INFO:colcon.colcon_core.shell:Creating prefix script '/home/fausto/realsense_prova/install/local_setup.sh'
[4.227s] INFO:colcon.colcon_core.shell:Creating prefix util module '/home/fausto/realsense_prova/install/_local_setup_util_sh.py'
[4.229s] INFO:colcon.colcon_core.shell:Creating prefix chain script '/home/fausto/realsense_prova/install/setup.sh'
[4.235s] INFO:colcon.colcon_core.shell:Creating prefix script '/home/fausto/realsense_prova/install/local_setup.bash'
[4.237s] INFO:colcon.colcon_core.shell:Creating prefix chain script '/home/fausto/realsense_prova/install/setup.bash'
[4.243s] INFO:colcon.colcon_core.shell:Creating prefix script '/home/fausto/realsense_prova/install/local_setup.zsh'
[4.245s] INFO:colcon.colcon_core.shell:Creating prefix chain script '/home/fausto/realsense_prova/install/setup.zsh'
